<?xml version="1.0" encoding="UTF-8"?>
<coverage generated="1612369241237" clover="3.2.0">
  <project timestamp="1612369241237" name="All files">
    <metrics statements="59" coveredstatements="51" conditionals="42" coveredconditionals="35" methods="17" coveredmethods="14" elements="118" coveredelements="100" complexity="0" loc="59" ncloc="59" packages="4" files="9" classes="9"/>
    <package name="components">
      <metrics statements="7" coveredstatements="7" conditionals="4" coveredconditionals="4" methods="3" coveredmethods="3"/>
      <file name="button.tsx" path="/Users/pleed0215/Documents/mystudy/challenge/nubereats-assignment15-forked/src/components/button.tsx">
        <metrics statements="2" coveredstatements="2" conditionals="4" coveredconditionals="4" methods="1" coveredmethods="1"/>
        <line num="10" count="4" type="stmt"/>
        <line num="16" count="61" type="stmt"/>
      </file>
      <file name="form-error.tsx" path="/Users/pleed0215/Documents/mystudy/challenge/nubereats-assignment15-forked/src/components/form-error.tsx">
        <metrics statements="2" coveredstatements="2" conditionals="0" coveredconditionals="0" methods="1" coveredmethods="1"/>
        <line num="7" count="4" type="stmt"/>
        <line num="8" count="13" type="stmt"/>
      </file>
      <file name="header.tsx" path="/Users/pleed0215/Documents/mystudy/challenge/nubereats-assignment15-forked/src/components/header.tsx">
        <metrics statements="3" coveredstatements="3" conditionals="0" coveredconditionals="0" methods="1" coveredmethods="1"/>
        <line num="4" count="2" type="stmt"/>
        <line num="5" count="3" type="stmt"/>
        <line num="6" count="3" type="stmt"/>
      </file>
    </package>
    <package name="pages">
      <metrics statements="30" coveredstatements="30" conditionals="26" coveredconditionals="24" methods="8" coveredmethods="8"/>
      <file name="create-account.tsx" path="/Users/pleed0215/Documents/mystudy/challenge/nubereats-assignment15-forked/src/pages/create-account.tsx">
        <metrics statements="16" coveredstatements="16" conditionals="12" coveredconditionals="11" methods="5" coveredmethods="5"/>
        <line num="13" count="2" type="stmt"/>
        <line num="29" count="2" type="stmt"/>
        <line num="36" count="26" type="stmt"/>
        <line num="42" count="26" type="stmt"/>
        <line num="43" count="26" type="stmt"/>
        <line num="46" count="2" type="stmt"/>
        <line num="48" count="2" type="cond" truecount="2" falsecount="0"/>
        <line num="49" count="1" type="stmt"/>
        <line num="50" count="1" type="stmt"/>
        <line num="53" count="26" type="stmt"/>
        <line num="57" count="26" type="stmt"/>
        <line num="66" count="26" type="stmt"/>
        <line num="67" count="2" type="cond" truecount="1" falsecount="1"/>
        <line num="69" count="26" type="stmt"/>
        <line num="155" count="4" type="stmt"/>
        <line num="192" count="52" type="stmt"/>
      </file>
      <file name="login.tsx" path="/Users/pleed0215/Documents/mystudy/challenge/nubereats-assignment15-forked/src/pages/login.tsx">
        <metrics statements="14" coveredstatements="14" conditionals="14" coveredconditionals="13" methods="3" coveredmethods="3"/>
        <line num="14" count="2" type="stmt"/>
        <line num="29" count="2" type="stmt"/>
        <line num="36" count="32" type="stmt"/>
        <line num="40" count="32" type="stmt"/>
        <line num="43" count="2" type="stmt"/>
        <line num="45" count="2" type="cond" truecount="4" falsecount="0"/>
        <line num="46" count="1" type="stmt"/>
        <line num="47" count="1" type="stmt"/>
        <line num="48" count="1" type="stmt"/>
        <line num="51" count="32" type="stmt"/>
        <line num="54" count="32" type="stmt"/>
        <line num="62" count="32" type="stmt"/>
        <line num="63" count="2" type="cond" truecount="1" falsecount="1"/>
        <line num="66" count="32" type="stmt"/>
      </file>
    </package>
    <package name="pages.listener">
      <metrics statements="14" coveredstatements="6" conditionals="5" coveredconditionals="0" methods="4" coveredmethods="1"/>
      <file name="episodes.tsx" path="/Users/pleed0215/Documents/mystudy/challenge/nubereats-assignment15-forked/src/pages/listener/episodes.tsx">
        <metrics statements="9" coveredstatements="2" conditionals="5" coveredconditionals="0" methods="2" coveredmethods="0"/>
        <line num="11" count="1" type="stmt"/>
        <line num="36" count="1" type="stmt"/>
        <line num="37" count="0" type="stmt"/>
        <line num="38" count="0" type="stmt"/>
        <line num="39" count="0" type="stmt"/>
        <line num="50" count="0" type="cond" truecount="0" falsecount="5"/>
        <line num="51" count="0" type="stmt"/>
        <line num="58" count="0" type="stmt"/>
        <line num="87" count="0" type="stmt"/>
      </file>
      <file name="podcasts.tsx" path="/Users/pleed0215/Documents/mystudy/challenge/nubereats-assignment15-forked/src/pages/listener/podcasts.tsx">
        <metrics statements="5" coveredstatements="4" conditionals="0" coveredconditionals="0" methods="2" coveredmethods="1"/>
        <line num="7" count="2" type="stmt"/>
        <line num="20" count="2" type="stmt"/>
        <line num="21" count="4" type="stmt"/>
        <line num="23" count="4" type="stmt"/>
        <line num="29" count="0" type="stmt"/>
      </file>
    </package>
    <package name="routers">
      <metrics statements="8" coveredstatements="8" conditionals="7" coveredconditionals="7" methods="2" coveredmethods="2"/>
      <file name="logged-in-router.tsx" path="/Users/pleed0215/Documents/mystudy/challenge/nubereats-assignment15-forked/src/routers/logged-in-router.tsx">
        <metrics statements="6" coveredstatements="6" conditionals="7" coveredconditionals="7" methods="1" coveredmethods="1"/>
        <line num="10" count="1" type="stmt"/>
        <line num="19" count="1" type="stmt"/>
        <line num="20" count="2" type="stmt"/>
        <line num="22" count="2" type="cond" truecount="5" falsecount="0"/>
        <line num="23" count="1" type="stmt"/>
        <line num="29" count="1" type="stmt"/>
      </file>
      <file name="logged-out-router.tsx" path="/Users/pleed0215/Documents/mystudy/challenge/nubereats-assignment15-forked/src/routers/logged-out-router.tsx">
        <metrics statements="2" coveredstatements="2" conditionals="0" coveredconditionals="0" methods="1" coveredmethods="1"/>
        <line num="7" count="1" type="stmt"/>
        <line num="8" count="1" type="stmt"/>
      </file>
    </package>
  </project>
</coverage>
