<?xml version="1.0" encoding="UTF-8"?>
<coverage generated="1612358771624" clover="3.2.0">
  <project timestamp="1612358771624" name="All files">
    <metrics statements="61" coveredstatements="41" conditionals="42" coveredconditionals="23" methods="18" coveredmethods="10" elements="121" coveredelements="74" complexity="0" loc="61" ncloc="61" packages="4" files="9" classes="9"/>
    <package name="components">
      <metrics statements="7" coveredstatements="7" conditionals="4" coveredconditionals="4" methods="3" coveredmethods="3"/>
      <file name="button.tsx" path="/Users/pleed0215/Documents/mystudy/challenge/nubereats-assignment15-forked/src/components/button.tsx">
        <metrics statements="2" coveredstatements="2" conditionals="4" coveredconditionals="4" methods="1" coveredmethods="1"/>
        <line num="10" count="3" type="stmt"/>
        <line num="16" count="35" type="stmt"/>
      </file>
      <file name="form-error.tsx" path="/Users/pleed0215/Documents/mystudy/challenge/nubereats-assignment15-forked/src/components/form-error.tsx">
        <metrics statements="2" coveredstatements="2" conditionals="0" coveredconditionals="0" methods="1" coveredmethods="1"/>
        <line num="7" count="3" type="stmt"/>
        <line num="8" count="9" type="stmt"/>
      </file>
      <file name="header.tsx" path="/Users/pleed0215/Documents/mystudy/challenge/nubereats-assignment15-forked/src/components/header.tsx">
        <metrics statements="3" coveredstatements="3" conditionals="0" coveredconditionals="0" methods="1" coveredmethods="1"/>
        <line num="4" count="1" type="stmt"/>
        <line num="5" count="2" type="stmt"/>
        <line num="6" count="2" type="stmt"/>
      </file>
    </package>
    <package name="pages">
      <metrics statements="30" coveredstatements="24" conditionals="26" coveredconditionals="17" methods="8" coveredmethods="5"/>
      <file name="create-account.tsx" path="/Users/pleed0215/Documents/mystudy/challenge/nubereats-assignment15-forked/src/pages/create-account.tsx">
        <metrics statements="16" coveredstatements="10" conditionals="12" coveredconditionals="4" methods="5" coveredmethods="2"/>
        <line num="13" count="1" type="stmt"/>
        <line num="29" count="1" type="stmt"/>
        <line num="30" count="2" type="stmt"/>
        <line num="38" count="2" type="stmt"/>
        <line num="39" count="2" type="stmt"/>
        <line num="42" count="0" type="stmt"/>
        <line num="44" count="0" type="cond" truecount="0" falsecount="2"/>
        <line num="45" count="0" type="stmt"/>
        <line num="46" count="0" type="stmt"/>
        <line num="49" count="2" type="stmt"/>
        <line num="53" count="2" type="stmt"/>
        <line num="62" count="2" type="stmt"/>
        <line num="63" count="0" type="cond" truecount="0" falsecount="2"/>
        <line num="65" count="2" type="stmt"/>
        <line num="151" count="0" type="stmt"/>
        <line num="188" count="4" type="stmt"/>
      </file>
      <file name="login.tsx" path="/Users/pleed0215/Documents/mystudy/challenge/nubereats-assignment15-forked/src/pages/login.tsx">
        <metrics statements="14" coveredstatements="14" conditionals="14" coveredconditionals="13" methods="3" coveredmethods="3"/>
        <line num="14" count="1" type="stmt"/>
        <line num="29" count="1" type="stmt"/>
        <line num="36" count="30" type="stmt"/>
        <line num="40" count="30" type="stmt"/>
        <line num="43" count="2" type="stmt"/>
        <line num="45" count="2" type="cond" truecount="4" falsecount="0"/>
        <line num="46" count="1" type="stmt"/>
        <line num="47" count="1" type="stmt"/>
        <line num="48" count="1" type="stmt"/>
        <line num="51" count="30" type="stmt"/>
        <line num="54" count="30" type="stmt"/>
        <line num="62" count="30" type="stmt"/>
        <line num="63" count="2" type="cond" truecount="1" falsecount="1"/>
        <line num="66" count="30" type="stmt"/>
      </file>
    </package>
    <package name="pages.listener">
      <metrics statements="13" coveredstatements="10" conditionals="5" coveredconditionals="2" methods="4" coveredmethods="2"/>
      <file name="episodes.tsx" path="/Users/pleed0215/Documents/mystudy/challenge/nubereats-assignment15-forked/src/pages/listener/episodes.tsx">
        <metrics statements="8" coveredstatements="6" conditionals="5" coveredconditionals="2" methods="2" coveredmethods="1"/>
        <line num="11" count="1" type="stmt"/>
        <line num="36" count="1" type="stmt"/>
        <line num="37" count="2" type="stmt"/>
        <line num="38" count="2" type="stmt"/>
        <line num="49" count="2" type="cond" truecount="2" falsecount="3"/>
        <line num="50" count="2" type="stmt"/>
        <line num="57" count="0" type="stmt"/>
        <line num="86" count="0" type="stmt"/>
      </file>
      <file name="podcasts.tsx" path="/Users/pleed0215/Documents/mystudy/challenge/nubereats-assignment15-forked/src/pages/listener/podcasts.tsx">
        <metrics statements="5" coveredstatements="4" conditionals="0" coveredconditionals="0" methods="2" coveredmethods="1"/>
        <line num="7" count="1" type="stmt"/>
        <line num="20" count="1" type="stmt"/>
        <line num="21" count="2" type="stmt"/>
        <line num="23" count="2" type="stmt"/>
        <line num="29" count="0" type="stmt"/>
      </file>
    </package>
    <package name="routers">
      <metrics statements="11" coveredstatements="0" conditionals="7" coveredconditionals="0" methods="3" coveredmethods="0"/>
      <file name="logged-in-router.tsx" path="/Users/pleed0215/Documents/mystudy/challenge/nubereats-assignment15-forked/src/routers/logged-in-router.tsx">
        <metrics statements="9" coveredstatements="0" conditionals="7" coveredconditionals="0" methods="2" coveredmethods="0"/>
        <line num="10" count="0" type="stmt"/>
        <line num="19" count="0" type="stmt"/>
        <line num="20" count="0" type="stmt"/>
        <line num="22" count="0" type="stmt"/>
        <line num="23" count="0" type="stmt"/>
        <line num="24" count="0" type="stmt"/>
        <line num="26" count="0" type="cond" truecount="0" falsecount="5"/>
        <line num="27" count="0" type="stmt"/>
        <line num="33" count="0" type="stmt"/>
      </file>
      <file name="logged-out-router.tsx" path="/Users/pleed0215/Documents/mystudy/challenge/nubereats-assignment15-forked/src/routers/logged-out-router.tsx">
        <metrics statements="2" coveredstatements="0" conditionals="0" coveredconditionals="0" methods="1" coveredmethods="0"/>
        <line num="7" count="0" type="stmt"/>
        <line num="8" count="0" type="stmt"/>
      </file>
    </package>
  </project>
</coverage>
