{"/Users/pleed0215/Documents/mystudy/challenge/nubereats-assignment15-forked/src/components/button.tsx": {"path":"/Users/pleed0215/Documents/mystudy/challenge/nubereats-assignment15-forked/src/components/button.tsx","statementMap":{"0":{"start":{"line":10,"column":46},"end":{"line":26,"column":1}},"1":{"start":{"line":16,"column":2},"end":{"line":25,"column":11}}},"fnMap":{"0":{"name":"(anonymous_0)","decl":{"start":{"line":10,"column":46},"end":{"line":10,"column":47}},"loc":{"start":{"line":16,"column":2},"end":{"line":25,"column":11}},"line":16}},"branchMap":{"0":{"loc":{"start":{"line":19,"column":6},"end":{"line":21,"column":43}},"type":"cond-expr","locations":[{"start":{"line":20,"column":10},"end":{"line":20,"column":41}},{"start":{"line":21,"column":10},"end":{"line":21,"column":43}}],"line":19},"1":{"loc":{"start":{"line":24,"column":5},"end":{"line":24,"column":40}},"type":"cond-expr","locations":[{"start":{"line":24,"column":15},"end":{"line":24,"column":27}},{"start":{"line":24,"column":30},"end":{"line":24,"column":40}}],"line":24}},"s":{"0":3,"1":35},"f":{"0":35},"b":{"0":[18,17],"1":[6,29]},"_coverageSchema":"1a1c01bbd47fc00a2c39e90264f33305004495a9","hash":"465d1752715254a7960e6cb5639fb8e870bed57d"}
,"/Users/pleed0215/Documents/mystudy/challenge/nubereats-assignment15-forked/src/components/form-error.tsx": {"path":"/Users/pleed0215/Documents/mystudy/challenge/nubereats-assignment15-forked/src/components/form-error.tsx","statementMap":{"0":{"start":{"line":7,"column":52},"end":{"line":14,"column":1}},"1":{"start":{"line":8,"column":2},"end":{"line":13,"column":9}}},"fnMap":{"0":{"name":"(anonymous_0)","decl":{"start":{"line":7,"column":52},"end":{"line":7,"column":53}},"loc":{"start":{"line":8,"column":2},"end":{"line":13,"column":9}},"line":8}},"branchMap":{},"s":{"0":3,"1":9},"f":{"0":9},"b":{},"_coverageSchema":"1a1c01bbd47fc00a2c39e90264f33305004495a9","hash":"4e548060744b6bebff37195ca0eb70166d6b9678"}
,"/Users/pleed0215/Documents/mystudy/challenge/nubereats-assignment15-forked/src/components/header.tsx": {"path":"/Users/pleed0215/Documents/mystudy/challenge/nubereats-assignment15-forked/src/components/header.tsx","statementMap":{"0":{"start":{"line":4,"column":31},"end":{"line":28,"column":1}},"1":{"start":{"line":5,"column":21},"end":{"line":5,"column":28}},"2":{"start":{"line":6,"column":4},"end":{"line":27,"column":5}}},"fnMap":{"0":{"name":"(anonymous_0)","decl":{"start":{"line":4,"column":31},"end":{"line":4,"column":32}},"loc":{"start":{"line":4,"column":37},"end":{"line":28,"column":1}},"line":4}},"branchMap":{},"s":{"0":1,"1":2,"2":2},"f":{"0":2},"b":{},"_coverageSchema":"1a1c01bbd47fc00a2c39e90264f33305004495a9","hash":"760d4d0ac84d93a3b65063cb5506f4c69666be28"}
,"/Users/pleed0215/Documents/mystudy/challenge/nubereats-assignment15-forked/src/pages/create-account.tsx": {"path":"/Users/pleed0215/Documents/mystudy/challenge/nubereats-assignment15-forked/src/pages/create-account.tsx","statementMap":{"0":{"start":{"line":13,"column":32},"end":{"line":20,"column":1}},"1":{"start":{"line":29,"column":29},"end":{"line":212,"column":1}},"2":{"start":{"line":30,"column":67},"end":{"line":37,"column":4}},"3":{"start":{"line":38,"column":18},"end":{"line":38,"column":30}},"4":{"start":{"line":39,"column":22},"end":{"line":48,"column":3}},"5":{"start":{"line":42,"column":8},"end":{"line":42,"column":12}},"6":{"start":{"line":44,"column":4},"end":{"line":47,"column":5}},"7":{"start":{"line":45,"column":6},"end":{"line":45,"column":44}},"8":{"start":{"line":46,"column":6},"end":{"line":46,"column":24}},"9":{"start":{"line":49,"column":36},"end":{"line":49,"column":47}},"10":{"start":{"line":53,"column":6},"end":{"line":61,"column":3}},"11":{"start":{"line":62,"column":18},"end":{"line":64,"column":3}},"12":{"start":{"line":63,"column":4},"end":{"line":63,"column":42}},"13":{"start":{"line":63,"column":18},"end":{"line":63,"column":42}},"14":{"start":{"line":65,"column":2},"end":{"line":211,"column":4}},"15":{"start":{"line":151,"column":35},"end":{"line":151,"column":65}},"16":{"start":{"line":188,"column":14},"end":{"line":190,"column":23}}},"fnMap":{"0":{"name":"(anonymous_0)","decl":{"start":{"line":29,"column":29},"end":{"line":29,"column":30}},"loc":{"start":{"line":29,"column":35},"end":{"line":212,"column":1}},"line":29},"1":{"name":"(anonymous_1)","decl":{"start":{"line":39,"column":22},"end":{"line":39,"column":23}},"loc":{"start":{"line":39,"column":55},"end":{"line":48,"column":3}},"line":39},"2":{"name":"(anonymous_2)","decl":{"start":{"line":62,"column":18},"end":{"line":62,"column":19}},"loc":{"start":{"line":62,"column":24},"end":{"line":64,"column":3}},"line":62},"3":{"name":"(anonymous_3)","decl":{"start":{"line":151,"column":24},"end":{"line":151,"column":25}},"loc":{"start":{"line":151,"column":35},"end":{"line":151,"column":65}},"line":151},"4":{"name":"(anonymous_4)","decl":{"start":{"line":187,"column":39},"end":{"line":187,"column":40}},"loc":{"start":{"line":188,"column":14},"end":{"line":190,"column":23}},"line":188}},"branchMap":{"0":{"loc":{"start":{"line":44,"column":4},"end":{"line":47,"column":5}},"type":"if","locations":[{"start":{"line":44,"column":4},"end":{"line":47,"column":5}},{"start":{"line":44,"column":4},"end":{"line":47,"column":5}}],"line":44},"1":{"loc":{"start":{"line":63,"column":4},"end":{"line":63,"column":42}},"type":"if","locations":[{"start":{"line":63,"column":4},"end":{"line":63,"column":42}},{"start":{"line":63,"column":4},"end":{"line":63,"column":42}}],"line":63},"2":{"loc":{"start":{"line":111,"column":11},"end":{"line":113,"column":11}},"type":"binary-expr","locations":[{"start":{"line":111,"column":11},"end":{"line":111,"column":32}},{"start":{"line":112,"column":12},"end":{"line":112,"column":61}}],"line":111},"3":{"loc":{"start":{"line":158,"column":11},"end":{"line":160,"column":11}},"type":"binary-expr","locations":[{"start":{"line":158,"column":11},"end":{"line":158,"column":35}},{"start":{"line":159,"column":12},"end":{"line":159,"column":64}}],"line":158},"4":{"loc":{"start":{"line":161,"column":11},"end":{"line":163,"column":11}},"type":"binary-expr","locations":[{"start":{"line":161,"column":11},"end":{"line":161,"column":34}},{"start":{"line":162,"column":12},"end":{"line":162,"column":61}}],"line":161},"5":{"loc":{"start":{"line":199,"column":11},"end":{"line":201,"column":11}},"type":"binary-expr","locations":[{"start":{"line":199,"column":11},"end":{"line":199,"column":51}},{"start":{"line":200,"column":12},"end":{"line":200,"column":80}}],"line":199}},"s":{"0":1,"1":1,"2":2,"3":2,"4":2,"5":0,"6":0,"7":0,"8":0,"9":2,"10":2,"11":2,"12":0,"13":0,"14":2,"15":0,"16":4},"f":{"0":2,"1":0,"2":0,"3":0,"4":4},"b":{"0":[0,0],"1":[0,0],"2":[2,0],"3":[2,0],"4":[2,0],"5":[2,0]},"_coverageSchema":"1a1c01bbd47fc00a2c39e90264f33305004495a9","hash":"d447ddef770c9184637a4f4bdbcdccc4cdcc60ea"}
,"/Users/pleed0215/Documents/mystudy/challenge/nubereats-assignment15-forked/src/pages/login.tsx": {"path":"/Users/pleed0215/Documents/mystudy/challenge/nubereats-assignment15-forked/src/pages/login.tsx","statementMap":{"0":{"start":{"line":14,"column":30},"end":{"line":22,"column":1}},"1":{"start":{"line":29,"column":21},"end":{"line":182,"column":1}},"2":{"start":{"line":36,"column":6},"end":{"line":38,"column":4}},"3":{"start":{"line":40,"column":22},"end":{"line":50,"column":3}},"4":{"start":{"line":43,"column":8},"end":{"line":43,"column":12}},"5":{"start":{"line":45,"column":4},"end":{"line":49,"column":5}},"6":{"start":{"line":46,"column":6},"end":{"line":46,"column":44}},"7":{"start":{"line":47,"column":6},"end":{"line":47,"column":26}},"8":{"start":{"line":48,"column":6},"end":{"line":48,"column":26}},"9":{"start":{"line":51,"column":20},"end":{"line":53,"column":3}},"10":{"start":{"line":54,"column":66},"end":{"line":60,"column":4}},"11":{"start":{"line":62,"column":18},"end":{"line":64,"column":3}},"12":{"start":{"line":63,"column":4},"end":{"line":63,"column":34}},"13":{"start":{"line":63,"column":18},"end":{"line":63,"column":34}},"14":{"start":{"line":66,"column":2},"end":{"line":181,"column":4}}},"fnMap":{"0":{"name":"(anonymous_0)","decl":{"start":{"line":29,"column":21},"end":{"line":29,"column":22}},"loc":{"start":{"line":29,"column":27},"end":{"line":182,"column":1}},"line":29},"1":{"name":"(anonymous_1)","decl":{"start":{"line":40,"column":22},"end":{"line":40,"column":23}},"loc":{"start":{"line":40,"column":47},"end":{"line":50,"column":3}},"line":40},"2":{"name":"(anonymous_2)","decl":{"start":{"line":62,"column":18},"end":{"line":62,"column":19}},"loc":{"start":{"line":62,"column":24},"end":{"line":64,"column":3}},"line":62}},"branchMap":{"0":{"loc":{"start":{"line":45,"column":4},"end":{"line":49,"column":5}},"type":"if","locations":[{"start":{"line":45,"column":4},"end":{"line":49,"column":5}},{"start":{"line":45,"column":4},"end":{"line":49,"column":5}}],"line":45},"1":{"loc":{"start":{"line":45,"column":8},"end":{"line":45,"column":19}},"type":"binary-expr","locations":[{"start":{"line":45,"column":8},"end":{"line":45,"column":10}},{"start":{"line":45,"column":14},"end":{"line":45,"column":19}}],"line":45},"2":{"loc":{"start":{"line":63,"column":4},"end":{"line":63,"column":34}},"type":"if","locations":[{"start":{"line":63,"column":4},"end":{"line":63,"column":34}},{"start":{"line":63,"column":4},"end":{"line":63,"column":34}}],"line":63},"3":{"loc":{"start":{"line":121,"column":13},"end":{"line":123,"column":13}},"type":"binary-expr","locations":[{"start":{"line":121,"column":13},"end":{"line":121,"column":34}},{"start":{"line":122,"column":14},"end":{"line":122,"column":63}}],"line":121},"4":{"loc":{"start":{"line":150,"column":13},"end":{"line":152,"column":13}},"type":"binary-expr","locations":[{"start":{"line":150,"column":13},"end":{"line":150,"column":37}},{"start":{"line":151,"column":14},"end":{"line":151,"column":66}}],"line":150},"5":{"loc":{"start":{"line":153,"column":13},"end":{"line":155,"column":13}},"type":"binary-expr","locations":[{"start":{"line":153,"column":13},"end":{"line":153,"column":50}},{"start":{"line":154,"column":14},"end":{"line":154,"column":83}}],"line":153},"6":{"loc":{"start":{"line":163,"column":13},"end":{"line":165,"column":13}},"type":"binary-expr","locations":[{"start":{"line":163,"column":13},"end":{"line":163,"column":45}},{"start":{"line":164,"column":14},"end":{"line":164,"column":74}}],"line":163}},"s":{"0":1,"1":1,"2":30,"3":30,"4":2,"5":2,"6":1,"7":1,"8":1,"9":30,"10":30,"11":30,"12":2,"13":2,"14":30},"f":{"0":30,"1":2,"2":2},"b":{"0":[1,1],"1":[2,1],"2":[2,0],"3":[30,4],"4":[30,1],"5":[30,2],"6":[30,1]},"_coverageSchema":"1a1c01bbd47fc00a2c39e90264f33305004495a9","hash":"9e66f6cae58d48c0ebeaf432fcaa96acda487b89"}
,"/Users/pleed0215/Documents/mystudy/challenge/nubereats-assignment15-forked/src/pages/listener/episodes.tsx": {"path":"/Users/pleed0215/Documents/mystudy/challenge/nubereats-assignment15-forked/src/pages/listener/episodes.tsx","statementMap":{"0":{"start":{"line":11,"column":27},"end":{"line":30,"column":1}},"1":{"start":{"line":36,"column":24},"end":{"line":118,"column":1}},"2":{"start":{"line":37,"column":17},"end":{"line":37,"column":44}},"3":{"start":{"line":38,"column":35},"end":{"line":47,"column":3}},"4":{"start":{"line":49,"column":2},"end":{"line":55,"column":3}},"5":{"start":{"line":50,"column":4},"end":{"line":54,"column":6}},"6":{"start":{"line":57,"column":2},"end":{"line":117,"column":4}},"7":{"start":{"line":86,"column":10},"end":{"line":113,"column":16}}},"fnMap":{"0":{"name":"(anonymous_0)","decl":{"start":{"line":36,"column":24},"end":{"line":36,"column":25}},"loc":{"start":{"line":36,"column":30},"end":{"line":118,"column":1}},"line":36},"1":{"name":"(anonymous_1)","decl":{"start":{"line":85,"column":41},"end":{"line":85,"column":42}},"loc":{"start":{"line":86,"column":10},"end":{"line":113,"column":16}},"line":86}},"branchMap":{"0":{"loc":{"start":{"line":49,"column":2},"end":{"line":55,"column":3}},"type":"if","locations":[{"start":{"line":49,"column":2},"end":{"line":55,"column":3}},{"start":{"line":49,"column":2},"end":{"line":55,"column":3}}],"line":49},"1":{"loc":{"start":{"line":49,"column":6},"end":{"line":49,"column":31}},"type":"binary-expr","locations":[{"start":{"line":49,"column":6},"end":{"line":49,"column":11}},{"start":{"line":49,"column":15},"end":{"line":49,"column":22}},{"start":{"line":49,"column":26},"end":{"line":49,"column":31}}],"line":49}},"s":{"0":1,"1":1,"2":2,"3":2,"4":2,"5":2,"6":0,"7":0},"f":{"0":2,"1":0},"b":{"0":[2,0],"1":[2,0,0]},"_coverageSchema":"1a1c01bbd47fc00a2c39e90264f33305004495a9","hash":"0c3fa84fe1c3d47cbcd1d6f6bc7bc89299facf8e"}
,"/Users/pleed0215/Documents/mystudy/challenge/nubereats-assignment15-forked/src/pages/listener/podcasts.tsx": {"path":"/Users/pleed0215/Documents/mystudy/challenge/nubereats-assignment15-forked/src/pages/listener/podcasts.tsx","statementMap":{"0":{"start":{"line":7,"column":26},"end":{"line":18,"column":1}},"1":{"start":{"line":20,"column":24},"end":{"line":43,"column":1}},"2":{"start":{"line":21,"column":21},"end":{"line":21,"column":68}},"3":{"start":{"line":23,"column":4},"end":{"line":42,"column":10}},"4":{"start":{"line":29,"column":12},"end":{"line":39,"column":19}}},"fnMap":{"0":{"name":"(anonymous_0)","decl":{"start":{"line":20,"column":24},"end":{"line":20,"column":25}},"loc":{"start":{"line":20,"column":30},"end":{"line":43,"column":1}},"line":20},"1":{"name":"(anonymous_1)","decl":{"start":{"line":28,"column":44},"end":{"line":28,"column":45}},"loc":{"start":{"line":29,"column":12},"end":{"line":39,"column":19}},"line":29}},"branchMap":{},"s":{"0":1,"1":1,"2":2,"3":2,"4":0},"f":{"0":2,"1":0},"b":{},"_coverageSchema":"1a1c01bbd47fc00a2c39e90264f33305004495a9","hash":"3397f9b8dfcf127a26ef2e1a599710506da99002"}
,"/Users/pleed0215/Documents/mystudy/challenge/nubereats-assignment15-forked/src/routers/logged-in-router.tsx": {"path":"/Users/pleed0215/Documents/mystudy/challenge/nubereats-assignment15-forked/src/routers/logged-in-router.tsx","statementMap":{"0":{"start":{"line":10,"column":23},"end":{"line":17,"column":1}},"1":{"start":{"line":19,"column":30},"end":{"line":43,"column":1}},"2":{"start":{"line":20,"column":37},"end":{"line":20,"column":44}},"3":{"start":{"line":22,"column":24},"end":{"line":25,"column":5}},"4":{"start":{"line":23,"column":8},"end":{"line":23,"column":42}},"5":{"start":{"line":24,"column":8},"end":{"line":24,"column":29}},"6":{"start":{"line":26,"column":4},"end":{"line":32,"column":5}},"7":{"start":{"line":27,"column":8},"end":{"line":31,"column":10}},"8":{"start":{"line":33,"column":4},"end":{"line":42,"column":5}}},"fnMap":{"0":{"name":"(anonymous_0)","decl":{"start":{"line":19,"column":30},"end":{"line":19,"column":31}},"loc":{"start":{"line":19,"column":36},"end":{"line":43,"column":1}},"line":19},"1":{"name":"(anonymous_1)","decl":{"start":{"line":22,"column":24},"end":{"line":22,"column":25}},"loc":{"start":{"line":22,"column":30},"end":{"line":25,"column":5}},"line":22}},"branchMap":{"0":{"loc":{"start":{"line":26,"column":4},"end":{"line":32,"column":5}},"type":"if","locations":[{"start":{"line":26,"column":4},"end":{"line":32,"column":5}},{"start":{"line":26,"column":4},"end":{"line":32,"column":5}}],"line":26},"1":{"loc":{"start":{"line":26,"column":8},"end":{"line":26,"column":33}},"type":"binary-expr","locations":[{"start":{"line":26,"column":8},"end":{"line":26,"column":13}},{"start":{"line":26,"column":17},"end":{"line":26,"column":24}},{"start":{"line":26,"column":28},"end":{"line":26,"column":33}}],"line":26},"2":{"loc":{"start":{"line":37,"column":17},"end":{"line":37,"column":62}},"type":"binary-expr","locations":[{"start":{"line":37,"column":17},"end":{"line":37,"column":44}},{"start":{"line":37,"column":48},"end":{"line":37,"column":62}}],"line":37}},"s":{"0":0,"1":0,"2":0,"3":0,"4":0,"5":0,"6":0,"7":0,"8":0},"f":{"0":0,"1":0},"b":{"0":[0,0],"1":[0,0,0],"2":[0,0]}}
,"/Users/pleed0215/Documents/mystudy/challenge/nubereats-assignment15-forked/src/routers/logged-out-router.tsx": {"path":"/Users/pleed0215/Documents/mystudy/challenge/nubereats-assignment15-forked/src/routers/logged-out-router.tsx","statementMap":{"0":{"start":{"line":7,"column":31},"end":{"line":17,"column":1}},"1":{"start":{"line":8,"column":4},"end":{"line":16,"column":5}}},"fnMap":{"0":{"name":"(anonymous_0)","decl":{"start":{"line":7,"column":31},"end":{"line":7,"column":32}},"loc":{"start":{"line":7,"column":37},"end":{"line":17,"column":1}},"line":7}},"branchMap":{},"s":{"0":0,"1":0},"f":{"0":0},"b":{}}
}
