TN:
SF:src/components/button.tsx
FN:10,(anonymous_0)
FNF:1
FNH:1
FNDA:61,(anonymous_0)
DA:10,4
DA:16,61
LF:2
LH:2
BRDA:19,0,0,33
BRDA:19,0,1,28
BRDA:24,1,0,10
BRDA:24,1,1,51
BRF:4
BRH:4
end_of_record
TN:
SF:src/components/form-error.tsx
FN:7,(anonymous_0)
FNF:1
FNH:1
FNDA:13,(anonymous_0)
DA:7,4
DA:8,13
LF:2
LH:2
BRF:0
BRH:0
end_of_record
TN:
SF:src/components/header.tsx
FN:4,(anonymous_0)
FNF:1
FNH:1
FNDA:3,(anonymous_0)
DA:4,2
DA:5,3
DA:6,3
LF:3
LH:3
BRF:0
BRH:0
end_of_record
TN:
SF:src/pages/create-account.tsx
FN:29,(anonymous_0)
FN:43,(anonymous_1)
FN:66,(anonymous_2)
FN:155,(anonymous_3)
FN:191,(anonymous_4)
FNF:5
FNH:5
FNDA:26,(anonymous_0)
FNDA:2,(anonymous_1)
FNDA:2,(anonymous_2)
FNDA:4,(anonymous_3)
FNDA:52,(anonymous_4)
DA:13,2
DA:29,2
DA:36,26
DA:42,26
DA:43,26
DA:46,2
DA:48,2
DA:49,1
DA:50,1
DA:53,26
DA:57,26
DA:66,26
DA:67,2
DA:69,26
DA:155,4
DA:192,52
LF:16
LH:16
BRDA:48,0,0,1
BRDA:48,0,1,1
BRDA:67,1,0,2
BRDA:67,1,1,0
BRDA:115,2,0,26
BRDA:115,2,1,1
BRDA:162,3,0,26
BRDA:162,3,1,1
BRDA:165,4,0,26
BRDA:165,4,1,1
BRDA:203,5,0,26
BRDA:203,5,1,1
BRF:12
BRH:11
end_of_record
TN:
SF:src/pages/login.tsx
FN:29,(anonymous_0)
FN:40,(anonymous_1)
FN:62,(anonymous_2)
FNF:3
FNH:3
FNDA:32,(anonymous_0)
FNDA:2,(anonymous_1)
FNDA:2,(anonymous_2)
DA:14,2
DA:29,2
DA:36,32
DA:40,32
DA:43,2
DA:45,2
DA:46,1
DA:47,1
DA:48,1
DA:51,32
DA:54,32
DA:62,32
DA:63,2
DA:66,32
LF:14
LH:14
BRDA:45,0,0,1
BRDA:45,0,1,1
BRDA:45,1,0,2
BRDA:45,1,1,1
BRDA:63,2,0,2
BRDA:63,2,1,0
BRDA:121,3,0,32
BRDA:121,3,1,4
BRDA:150,4,0,32
BRDA:150,4,1,1
BRDA:153,5,0,32
BRDA:153,5,1,2
BRDA:163,6,0,32
BRDA:163,6,1,1
BRF:14
BRH:13
end_of_record
TN:
SF:src/pages/listener/episodes.tsx
FN:36,(anonymous_0)
FN:86,(anonymous_1)
FNF:2
FNH:0
FNDA:0,(anonymous_0)
FNDA:0,(anonymous_1)
DA:11,1
DA:36,1
DA:37,0
DA:38,0
DA:39,0
DA:50,0
DA:51,0
DA:58,0
DA:87,0
LF:9
LH:2
BRDA:50,0,0,0
BRDA:50,0,1,0
BRDA:50,1,0,0
BRDA:50,1,1,0
BRDA:50,1,2,0
BRF:5
BRH:0
end_of_record
TN:
SF:src/pages/listener/podcasts.tsx
FN:20,(anonymous_0)
FN:28,(anonymous_1)
FNF:2
FNH:1
FNDA:4,(anonymous_0)
FNDA:0,(anonymous_1)
DA:7,2
DA:20,2
DA:21,4
DA:23,4
DA:29,0
LF:5
LH:4
BRF:0
BRH:0
end_of_record
TN:
SF:src/routers/logged-in-router.tsx
FN:19,(anonymous_0)
FNF:1
FNH:1
FNDA:2,(anonymous_0)
DA:10,1
DA:19,1
DA:20,2
DA:22,2
DA:23,1
DA:29,1
LF:6
LH:6
BRDA:22,0,0,1
BRDA:22,0,1,1
BRDA:22,1,0,2
BRDA:22,1,1,1
BRDA:22,1,2,1
BRDA:33,2,0,1
BRDA:33,2,1,1
BRF:7
BRH:7
end_of_record
TN:
SF:src/routers/logged-out-router.tsx
FN:7,(anonymous_0)
FNF:1
FNH:1
FNDA:1,(anonymous_0)
DA:7,1
DA:8,1
LF:2
LH:2
BRF:0
BRH:0
end_of_record
